{"/Users/jiangzhi/Desktop/code/front-end/algorithms-note/src/字符串中连续重复次数最多的字符/index.ts": {"path":"/Users/jiangzhi/Desktop/code/front-end/algorithms-note/src/字符串中连续重复次数最多的字符/index.ts","all":false,"statementMap":{"0":{"start":{"line":1,"column":0},"end":{"line":1,"column":15}},"1":{"start":{"line":2,"column":0},"end":{"line":2,"column":23}},"2":{"start":{"line":3,"column":0},"end":{"line":3,"column":1}},"3":{"start":{"line":4,"column":0},"end":{"line":4,"column":0}},"4":{"start":{"line":5,"column":0},"end":{"line":5,"column":50}},"5":{"start":{"line":6,"column":0},"end":{"line":6,"column":28}},"6":{"start":{"line":7,"column":0},"end":{"line":7,"column":27}},"7":{"start":{"line":8,"column":0},"end":{"line":8,"column":15}},"8":{"start":{"line":9,"column":0},"end":{"line":9,"column":0}},"9":{"start":{"line":10,"column":0},"end":{"line":10,"column":28}},"10":{"start":{"line":11,"column":0},"end":{"line":11,"column":34}},"11":{"start":{"line":12,"column":0},"end":{"line":12,"column":0}},"12":{"start":{"line":13,"column":0},"end":{"line":13,"column":34}},"13":{"start":{"line":14,"column":0},"end":{"line":14,"column":38}},"14":{"start":{"line":15,"column":0},"end":{"line":15,"column":46}},"15":{"start":{"line":16,"column":0},"end":{"line":16,"column":64}},"16":{"start":{"line":17,"column":0},"end":{"line":17,"column":21}},"17":{"start":{"line":18,"column":0},"end":{"line":18,"column":19}},"18":{"start":{"line":19,"column":0},"end":{"line":19,"column":90}},"19":{"start":{"line":20,"column":0},"end":{"line":20,"column":14}},"20":{"start":{"line":21,"column":0},"end":{"line":21,"column":53}},"21":{"start":{"line":22,"column":0},"end":{"line":22,"column":7}},"22":{"start":{"line":23,"column":0},"end":{"line":23,"column":0}},"23":{"start":{"line":24,"column":0},"end":{"line":24,"column":30}},"24":{"start":{"line":25,"column":0},"end":{"line":25,"column":19}},"25":{"start":{"line":26,"column":0},"end":{"line":26,"column":22}},"26":{"start":{"line":27,"column":0},"end":{"line":27,"column":42}},"27":{"start":{"line":28,"column":0},"end":{"line":28,"column":31}},"28":{"start":{"line":29,"column":0},"end":{"line":29,"column":24}},"29":{"start":{"line":30,"column":0},"end":{"line":30,"column":23}},"30":{"start":{"line":31,"column":0},"end":{"line":31,"column":7}},"31":{"start":{"line":32,"column":0},"end":{"line":32,"column":5}},"32":{"start":{"line":33,"column":0},"end":{"line":33,"column":37}},"33":{"start":{"line":34,"column":0},"end":{"line":34,"column":11}},"34":{"start":{"line":35,"column":0},"end":{"line":35,"column":3}},"35":{"start":{"line":36,"column":0},"end":{"line":36,"column":30}},"36":{"start":{"line":37,"column":0},"end":{"line":37,"column":1}},"37":{"start":{"line":38,"column":0},"end":{"line":38,"column":0}},"38":{"start":{"line":39,"column":0},"end":{"line":39,"column":38}},"39":{"start":{"line":40,"column":0},"end":{"line":40,"column":66}},"40":{"start":{"line":41,"column":0},"end":{"line":41,"column":39}},"41":{"start":{"line":42,"column":0},"end":{"line":42,"column":28}},"42":{"start":{"line":43,"column":0},"end":{"line":43,"column":25}},"43":{"start":{"line":44,"column":0},"end":{"line":44,"column":31}},"44":{"start":{"line":45,"column":0},"end":{"line":45,"column":43}},"45":{"start":{"line":46,"column":0},"end":{"line":46,"column":27}},"46":{"start":{"line":47,"column":0},"end":{"line":47,"column":25}},"47":{"start":{"line":48,"column":0},"end":{"line":48,"column":12}},"48":{"start":{"line":49,"column":0},"end":{"line":49,"column":19}},"49":{"start":{"line":50,"column":0},"end":{"line":50,"column":5}},"50":{"start":{"line":51,"column":0},"end":{"line":51,"column":3}},"51":{"start":{"line":52,"column":0},"end":{"line":52,"column":0}},"52":{"start":{"line":53,"column":0},"end":{"line":53,"column":15}},"53":{"start":{"line":54,"column":0},"end":{"line":54,"column":1}}},"s":{"0":1,"1":1,"2":1,"3":1,"4":1,"5":3,"6":2,"7":2,"8":2,"9":2,"10":2,"11":2,"12":3,"13":83,"14":83,"15":83,"16":41,"17":18,"18":18,"19":41,"20":23,"21":23,"22":41,"23":83,"24":42,"25":42,"26":42,"27":16,"28":42,"29":26,"30":26,"31":42,"32":83,"33":83,"34":83,"35":2,"36":3,"37":1,"38":2,"39":2,"40":2,"41":2,"42":2,"43":2,"44":7,"45":7,"46":6,"47":7,"48":1,"49":1,"50":7,"51":1,"52":1,"53":1},"branchMap":{"0":{"type":"branch","line":5,"loc":{"start":{"line":5,"column":49},"end":{"line":37,"column":1}},"locations":[{"start":{"line":5,"column":49},"end":{"line":37,"column":1}}]},"1":{"type":"branch","line":6,"loc":{"start":{"line":6,"column":16},"end":{"line":6,"column":28}},"locations":[{"start":{"line":6,"column":16},"end":{"line":6,"column":28}}]},"2":{"type":"branch","line":6,"loc":{"start":{"line":6,"column":23},"end":{"line":13,"column":33}},"locations":[{"start":{"line":6,"column":23},"end":{"line":13,"column":33}}]},"3":{"type":"branch","line":13,"loc":{"start":{"line":13,"column":33},"end":{"line":35,"column":3}},"locations":[{"start":{"line":13,"column":33},"end":{"line":35,"column":3}}]},"4":{"type":"branch","line":16,"loc":{"start":{"line":16,"column":43},"end":{"line":24,"column":11}},"locations":[{"start":{"line":16,"column":43},"end":{"line":24,"column":11}}]},"5":{"type":"branch","line":17,"loc":{"start":{"line":17,"column":20},"end":{"line":20,"column":13}},"locations":[{"start":{"line":17,"column":20},"end":{"line":20,"column":13}}]},"6":{"type":"branch","line":19,"loc":{"start":{"line":19,"column":38},"end":{"line":19,"column":90}},"locations":[{"start":{"line":19,"column":38},"end":{"line":19,"column":90}}]},"7":{"type":"branch","line":20,"loc":{"start":{"line":20,"column":6},"end":{"line":22,"column":7}},"locations":[{"start":{"line":20,"column":6},"end":{"line":22,"column":7}}]},"8":{"type":"branch","line":24,"loc":{"start":{"line":24,"column":4},"end":{"line":32,"column":5}},"locations":[{"start":{"line":24,"column":4},"end":{"line":32,"column":5}}]},"9":{"type":"branch","line":27,"loc":{"start":{"line":27,"column":32},"end":{"line":29,"column":13}},"locations":[{"start":{"line":27,"column":32},"end":{"line":29,"column":13}}]},"10":{"type":"branch","line":29,"loc":{"start":{"line":29,"column":6},"end":{"line":31,"column":7}},"locations":[{"start":{"line":29,"column":6},"end":{"line":31,"column":7}}]},"11":{"type":"branch","line":35,"loc":{"start":{"line":35,"column":2},"end":{"line":37,"column":1}},"locations":[{"start":{"line":35,"column":2},"end":{"line":37,"column":1}}]},"12":{"type":"branch","line":37,"loc":{"start":{"line":37,"column":0},"end":{"line":37,"column":1}},"locations":[{"start":{"line":37,"column":0},"end":{"line":37,"column":1}}]},"13":{"type":"branch","line":39,"loc":{"start":{"line":39,"column":0},"end":{"line":54,"column":1}},"locations":[{"start":{"line":39,"column":0},"end":{"line":54,"column":1}}]},"14":{"type":"branch","line":41,"loc":{"start":{"line":41,"column":27},"end":{"line":41,"column":39}},"locations":[{"start":{"line":41,"column":27},"end":{"line":41,"column":39}}]},"15":{"type":"branch","line":44,"loc":{"start":{"line":44,"column":30},"end":{"line":51,"column":3}},"locations":[{"start":{"line":44,"column":30},"end":{"line":51,"column":3}}]},"16":{"type":"branch","line":46,"loc":{"start":{"line":46,"column":26},"end":{"line":48,"column":11}},"locations":[{"start":{"line":46,"column":26},"end":{"line":48,"column":11}}]},"17":{"type":"branch","line":48,"loc":{"start":{"line":48,"column":4},"end":{"line":50,"column":5}},"locations":[{"start":{"line":48,"column":4},"end":{"line":50,"column":5}}]},"18":{"type":"branch","line":51,"loc":{"start":{"line":51,"column":2},"end":{"line":54,"column":1}},"locations":[{"start":{"line":51,"column":2},"end":{"line":54,"column":1}}]},"19":{"type":"branch","line":40,"loc":{"start":{"line":40,"column":44},"end":{"line":40,"column":65}},"locations":[{"start":{"line":40,"column":44},"end":{"line":40,"column":65}}]}},"b":{"0":[3],"1":[1],"2":[2],"3":[83],"4":[41],"5":[18],"6":[16],"7":[23],"8":[42],"9":[16],"10":[26],"11":[2],"12":[3],"13":[2],"14":[0],"15":[7],"16":[6],"17":[1],"18":[1],"19":[29]},"fnMap":{"0":{"name":"findRepeatsChar","decl":{"start":{"line":5,"column":49},"end":{"line":37,"column":1}},"loc":{"start":{"line":5,"column":49},"end":{"line":37,"column":1}},"line":5},"1":{"name":"get","decl":{"start":{"line":37,"column":0},"end":{"line":37,"column":1}},"loc":{"start":{"line":37,"column":0},"end":{"line":37,"column":1}},"line":37},"2":{"name":"coutMaxResult","decl":{"start":{"line":39,"column":0},"end":{"line":54,"column":1}},"loc":{"start":{"line":39,"column":0},"end":{"line":54,"column":1}},"line":39}},"f":{"0":3,"1":3,"2":2}}
}
